<?xml version="1.0" encoding="UTF-8"?>
<testng-results skipped="0" failed="1" ignored="0" total="1" passed="0">
  <reporter-output>
    <line>
      <![CDATA[Extent Report DirectoryC:\Users\Kowser\IdeaProjects\group8_automation\Walmart\test-output\html]]>
    </line>
  </reporter-output>
  <suite name="Walmart Automation Test" duration-ms="9874" started-at="2018-05-05T03:20:44Z" finished-at="2018-05-05T03:20:54Z">
    <groups>
    </groups>
    <test name="Walmart Tests" duration-ms="9874" started-at="2018-05-05T03:20:44Z" finished-at="2018-05-05T03:20:54Z">
      <class name="test.homepage.TestSignIn">
        <test-method status="PASS" signature="extentSetup(org.testng.ITestContext)[pri:0, instance:test.homepage.TestSignIn@4b4523f8]" name="extentSetup" is-config="true" duration-ms="291" started-at="2018-05-04T23:20:44Z" finished-at="2018-05-04T23:20:44Z">
          <params>
            <param index="0">
              <value>
                <![CDATA[org.testng.TestRunner@40dff0b7]]>
              </value>
            </param>
          </params>
          <reporter-output>
            <line>
              <![CDATA[Extent Report DirectoryC:\Users\Kowser\IdeaProjects\group8_automation\Walmart\test-output\html]]>
            </line>
          </reporter-output>
        </test-method> <!-- extentSetup -->
        <test-method status="PASS" signature="setUp(boolean, java.lang.String, java.lang.String, java.lang.String, java.lang.String, java.lang.String, java.lang.String)[pri:0, instance:test.homepage.TestSignIn@4b4523f8]" name="setUp" is-config="true" duration-ms="8249" started-at="2018-05-04T23:20:44Z" finished-at="2018-05-04T23:20:52Z">
          <params>
            <param index="0">
              <value>
                <![CDATA[false]]>
              </value>
            </param>
            <param index="1">
              <value>
                <![CDATA[browserstack]]>
              </value>
            </param>
            <param index="2">
              <value>
                <![CDATA[Windows]]>
              </value>
            </param>
            <param index="3">
              <value>
                <![CDATA[Windows]]>
              </value>
            </param>
            <param index="4">
              <value>
                <![CDATA[chrome]]>
              </value>
            </param>
            <param index="5">
              <value>
                <![CDATA[34]]>
              </value>
            </param>
            <param index="6">
              <value>
                <![CDATA[https://www.walmart.com/]]>
              </value>
            </param>
          </params>
          <reporter-output>
          </reporter-output>
        </test-method> <!-- setUp -->
        <test-method status="PASS" signature="startExtent(java.lang.reflect.Method)[pri:0, instance:test.homepage.TestSignIn@4b4523f8]" name="startExtent" is-config="true" duration-ms="6" started-at="2018-05-04T23:20:52Z" finished-at="2018-05-04T23:20:52Z">
          <params>
            <param index="0">
              <value>
                <![CDATA[public void test.homepage.TestSignIn.signInTest() throws java.lang.InterruptedException]]>
              </value>
            </param>
          </params>
          <reporter-output>
          </reporter-output>
        </test-method> <!-- startExtent -->
        <test-method status="FAIL" signature="signInTest()[pri:0, instance:test.homepage.TestSignIn@4b4523f8]" name="signInTest" duration-ms="3" started-at="2018-05-04T23:20:52Z" finished-at="2018-05-04T23:20:52Z">
          <exception class="java.lang.NullPointerException">
            <full-stacktrace>
              <![CDATA[java.lang.NullPointerExceptionat homepage.SignIn.loginToWalmart(SignIn.java:15)at test.homepage.TestSignIn.signInTest(TestSignIn.java:14)at sun.reflect.NativeMethodAccessorImpl.invoke0(Native Method)at sun.reflect.NativeMethodAccessorImpl.invoke(NativeMethodAccessorImpl.java:62)at sun.reflect.DelegatingMethodAccessorImpl.invoke(DelegatingMethodAccessorImpl.java:43)at java.lang.reflect.Method.invoke(Method.java:498)at org.testng.internal.MethodInvocationHelper.invokeMethod(MethodInvocationHelper.java:124)at org.testng.internal.Invoker.invokeMethod(Invoker.java:571)at org.testng.internal.Invoker.invokeTestMethod(Invoker.java:707)at org.testng.internal.Invoker.invokeTestMethods(Invoker.java:979)at org.testng.internal.TestMethodWorker.invokeTestMethods(TestMethodWorker.java:125)at org.testng.internal.TestMethodWorker.run(TestMethodWorker.java:109)at org.testng.TestRunner.privateRun(TestRunner.java:648)at org.testng.TestRunner.run(TestRunner.java:505)at org.testng.SuiteRunner.runTest(SuiteRunner.java:455)at org.testng.SuiteRunner.runSequentially(SuiteRunner.java:450)at org.testng.SuiteRunner.privateRun(SuiteRunner.java:415)at org.testng.SuiteRunner.run(SuiteRunner.java:364)at org.testng.SuiteRunnerWorker.runSuite(SuiteRunnerWorker.java:52)at org.testng.SuiteRunnerWorker.run(SuiteRunnerWorker.java:84)at org.testng.TestNG.runSuitesSequentially(TestNG.java:1187)at org.testng.TestNG.runSuitesLocally(TestNG.java:1116)at org.testng.TestNG.runSuites(TestNG.java:1028)at org.testng.TestNG.run(TestNG.java:996)at org.testng.IDEARemoteTestNG.run(IDEARemoteTestNG.java:72)at org.testng.RemoteTestNGStarter.main(RemoteTestNGStarter.java:123)]]>
            </full-stacktrace>
          </exception> <!-- java.lang.NullPointerException -->
          <reporter-output>
          </reporter-output>
        </test-method> <!-- signInTest -->
        <test-method status="PASS" signature="afterEachTestMethod(org.testng.ITestResult)[pri:0, instance:test.homepage.TestSignIn@4b4523f8]" name="afterEachTestMethod" is-config="true" duration-ms="1577" started-at="2018-05-04T23:20:52Z" finished-at="2018-05-04T23:20:54Z">
          <params>
            <param index="0">
              <value>
                <![CDATA[[TestResult name=signInTest status=FAILURE method=TestSignIn.signInTest()[pri:0, instance:test.homepage.TestSignIn@4b4523f8] output={null}]]]>
              </value>
            </param>
          </params>
          <reporter-output>
          </reporter-output>
        </test-method> <!-- afterEachTestMethod -->
        <test-method status="PASS" signature="afterMethod()[pri:0, instance:test.homepage.TestSignIn@4b4523f8]" name="afterMethod" is-config="true" duration-ms="0" started-at="2018-05-04T23:20:54Z" finished-at="2018-05-04T23:20:54Z">
          <reporter-output>
          </reporter-output>
        </test-method> <!-- afterMethod -->
        <test-method status="PASS" signature="generateReport()[pri:0, instance:test.homepage.TestSignIn@4b4523f8]" name="generateReport" is-config="true" duration-ms="30" started-at="2018-05-04T23:20:54Z" finished-at="2018-05-04T23:20:54Z">
          <reporter-output>
          </reporter-output>
        </test-method> <!-- generateReport -->
      </class> <!-- test.homepage.TestSignIn -->
    </test> <!-- Walmart Tests -->
  </suite> <!-- Walmart Automation Test -->
</testng-results>
