<?xml version="1.0" encoding="UTF-8"?>
<testng-results skipped="0" failed="0" ignored="0" total="1" passed="1">
  <reporter-output>
  </reporter-output>
  <suite name="test.pages.HomePageTest" duration-ms="10686" started-at="2018-04-24T21:37:13Z" finished-at="2018-04-24T21:37:24Z">
    <groups>
    </groups>
    <test name="Command line test" duration-ms="10686" started-at="2018-04-24T21:37:13Z" finished-at="2018-04-24T21:37:24Z">
      <class name="test.pages.HomePageTest">
        <test-method status="PASS" signature="setUp(java.lang.String, java.lang.String, java.lang.String)[pri:0, instance:test.pages.HomePageTest@6a2bcfcb]" name="setUp" is-config="true" duration-ms="8302" started-at="2018-04-24T17:37:13Z" finished-at="2018-04-24T17:37:22Z">
          <params>
            <param index="0">
              <value>
                <![CDATA[chrome]]>
              </value>
            </param>
            <param index="1">
              <value>
                <![CDATA[Windows]]>
              </value>
            </param>
            <param index="2">
              <value>
                <![CDATA[https://www.tdbank.com/]]>
              </value>
            </param>
          </params>
          <reporter-output>
          </reporter-output>
        </test-method> <!-- setUp -->
        <test-method status="PASS" signature="testHome()[pri:0, instance:test.pages.HomePageTest@6a2bcfcb]" name="testHome" duration-ms="9" started-at="2018-04-24T17:37:22Z" finished-at="2018-04-24T17:37:22Z">
          <reporter-output>
          </reporter-output>
        </test-method> <!-- testHome -->
        <test-method status="PASS" signature="tearDown()[pri:0, instance:test.pages.HomePageTest@6a2bcfcb]" name="tearDown" is-config="true" duration-ms="2359" started-at="2018-04-24T17:37:22Z" finished-at="2018-04-24T17:37:24Z">
          <reporter-output>
          </reporter-output>
        </test-method> <!-- tearDown -->
      </class> <!-- test.pages.HomePageTest -->
    </test> <!-- Command line test -->
  </suite> <!-- test.pages.HomePageTest -->
</testng-results>
