<?xml version="1.0" encoding="UTF-8"?>
<testng-results ignored="0" total="1" passed="1" failed="0" skipped="0">
  <reporter-output>
    <line>
      <![CDATA[Extent Report Directory/Users/sayedsiddeque/Development/Group8/TDBank/target/surefire-reports/html]]>
    </line>
  </reporter-output>
  <suite started-at="2018-05-03T01:13:28Z" name="test.pages.HomePageTest" finished-at="2018-05-03T01:13:41Z" duration-ms="12672">
    <groups>
    </groups>
    <test started-at="2018-05-03T01:13:28Z" name="Command line test" finished-at="2018-05-03T01:13:41Z" duration-ms="12672">
      <class name="test.pages.HomePageTest">
        <test-method is-config="true" signature="extentSetup(org.testng.ITestContext)[pri:0, instance:test.pages.HomePageTest@6eda5c9]" started-at="2018-05-02T21:13:28Z" name="extentSetup" finished-at="2018-05-02T21:13:28Z" duration-ms="635" status="PASS">
          <params>
            <param index="0">
              <value>
                <![CDATA[org.testng.TestRunner@6a2eea2a]]>
              </value>
            </param>
          </params>
          <reporter-output>
            <line>
              <![CDATA[Extent Report Directory/Users/sayedsiddeque/Development/Group8/TDBank/target/surefire-reports/html]]>
            </line>
          </reporter-output>
        </test-method> <!-- extentSetup -->
        <test-method is-config="true" signature="setUp(boolean, java.lang.String, java.lang.String, java.lang.String, java.lang.String, java.lang.String, java.lang.String)[pri:0, instance:test.pages.HomePageTest@6eda5c9]" started-at="2018-05-02T21:13:28Z" name="setUp" finished-at="2018-05-02T21:13:39Z" duration-ms="11192" status="PASS">
          <params>
            <param index="0">
              <value>
                <![CDATA[false]]>
              </value>
            </param>
            <param index="1">
              <value>
                <![CDATA[false]]>
              </value>
            </param>
            <param index="2">
              <value>
                <![CDATA[OS X]]>
              </value>
            </param>
            <param index="3">
              <value>
                <![CDATA[10]]>
              </value>
            </param>
            <param index="4">
              <value>
                <![CDATA[firefox]]>
              </value>
            </param>
            <param index="5">
              <value>
                <![CDATA[34]]>
              </value>
            </param>
            <param index="6">
              <value>
                <![CDATA[http://www.ebay.com]]>
              </value>
            </param>
          </params>
          <reporter-output>
          </reporter-output>
        </test-method> <!-- setUp -->
        <test-method is-config="true" signature="startExtent(java.lang.reflect.Method)[pri:0, instance:test.pages.HomePageTest@6eda5c9]" started-at="2018-05-02T21:13:39Z" name="startExtent" finished-at="2018-05-02T21:13:39Z" duration-ms="8" status="PASS">
          <params>
            <param index="0">
              <value>
                <![CDATA[public void test.pages.HomePageTest.testHome()]]>
              </value>
            </param>
          </params>
          <reporter-output>
          </reporter-output>
        </test-method> <!-- startExtent -->
        <test-method signature="testHome()[pri:0, instance:test.pages.HomePageTest@6eda5c9]" started-at="2018-05-02T21:13:39Z" name="testHome" finished-at="2018-05-02T21:13:39Z" duration-ms="11" status="PASS">
          <reporter-output>
          </reporter-output>
        </test-method> <!-- testHome -->
        <test-method is-config="true" signature="afterEachTestMethod(org.testng.ITestResult)[pri:0, instance:test.pages.HomePageTest@6eda5c9]" started-at="2018-05-02T21:13:40Z" name="afterEachTestMethod" finished-at="2018-05-02T21:13:41Z" duration-ms="1449" status="PASS">
          <params>
            <param index="0">
              <value>
                <![CDATA[[TestResult name=testHome status=SUCCESS method=HomePageTest.testHome()[pri:0, instance:test.pages.HomePageTest@6eda5c9] output={null}]]]>
              </value>
            </param>
          </params>
          <reporter-output>
          </reporter-output>
        </test-method> <!-- afterEachTestMethod -->
        <test-method is-config="true" signature="afterMethod()[pri:0, instance:test.pages.HomePageTest@6eda5c9]" started-at="2018-05-02T21:13:41Z" name="afterMethod" finished-at="2018-05-02T21:13:41Z" duration-ms="1" status="PASS">
          <reporter-output>
          </reporter-output>
        </test-method> <!-- afterMethod -->
        <test-method is-config="true" signature="generateReport()[pri:0, instance:test.pages.HomePageTest@6eda5c9]" started-at="2018-05-02T21:13:41Z" name="generateReport" finished-at="2018-05-02T21:13:41Z" duration-ms="37" status="PASS">
          <reporter-output>
          </reporter-output>
        </test-method> <!-- generateReport -->
      </class> <!-- test.pages.HomePageTest -->
    </test> <!-- Command line test -->
  </suite> <!-- test.pages.HomePageTest -->
</testng-results>
