<?xml version="1.0" encoding="UTF-8"?>
<!-- Generated by org.testng.reporters.JUnitXMLReporter -->
<testsuite hostname="Parvez-Home" ignored="0" name="Walmart Tests" tests="1" failures="1" timestamp="05 May 2018 05:21:41 GMT" time="9.782" errors="0">
  <testcase name="testWithExcel" time="0.239" classname="test.homepage.TestMultiUsingExcel">
    <failure type="java.lang.NullPointerException">
      <![CDATA[java.lang.NullPointerExceptionat utility.DataReader.fileReader(DataReader.java:50)at homepage.MultiUsingExcel.getDataFromExcelFile(MultiUsingExcel.java:45)at homepage.MultiUsingExcel.searchWithExcel(MultiUsingExcel.java:51)at test.homepage.TestMultiUsingExcel.testWithExcel(TestMultiUsingExcel.java:21)... Removed 24 stack frames]]>
    </failure>
  </testcase> <!-- testWithExcel -->
</testsuite> <!-- Walmart Tests -->
