<?xml version="1.0" encoding="UTF-8"?>
<!-- Generated by org.testng.reporters.JUnitXMLReporter -->
<testsuite hostname="Parvez-Home" ignored="0" name="Walmart Tests" tests="1" failures="1" timestamp="05 May 2018 03:20:54 GMT" time="9.874" errors="0">
  <testcase name="signInTest" time="0.003" classname="test.homepage.TestSignIn">
    <failure type="java.lang.NullPointerException">
      <![CDATA[java.lang.NullPointerExceptionat homepage.SignIn.loginToWalmart(SignIn.java:15)at test.homepage.TestSignIn.signInTest(TestSignIn.java:14)... Removed 24 stack frames]]>
    </failure>
  </testcase> <!-- signInTest -->
</testsuite> <!-- Walmart Tests -->
